<?xml version="1.0" encoding="UTF-8"?>
<!-- Generated by org.testng.reporters.JUnitReportReporter -->
<testsuite hostname="DESKTOP-UJO19SD" failures="0" tests="2" name="TestPackage.TestCase1" time="0.009" errors="0" timestamp="2022-02-14T15:37:46 IST" skipped="0">
  <testcase classname="TestPackage.TestCase1" name="test" time="0.008"/>
  <system-out/>
  <testcase classname="TestPackage.TestCase1" name="test1" time="0.001"/>
  <system-out/>
</testsuite> <!-- TestPackage.TestCase1 -->
